<?xml version="1.0" encoding="UTF-8"?>
<testsuite name="CalculatorTest" tests="1" skipped="0" failures="0" errors="0" timestamp="2023-03-22T14:41:20" hostname="DESKTOP-1LNG95U" time="0.017">
  <properties/>
  <testcase name="onePlusFourEqualsFive()" classname="CalculatorTest" time="0.017"/>
  <system-out><![CDATA[5
]]></system-out>
  <system-err><![CDATA[]]></system-err>
</testsuite>
